d:\commissions stuff\personal project\experiemnt\plugintes-rimlight\examples\template\skeleton\win\x64\release\rimlight.bsc
d:\commissions stuff\personal project\experiemnt\plugintes-rimlight\examples\template\skeleton\win\x64\release\vc145.pdb
d:\commissions stuff\personal project\experiemnt\plugintes-rimlight\examples\template\skeleton\win\x64\release\aegp_suitehandler.sbr
d:\commissions stuff\personal project\experiemnt\plugintes-rimlight\examples\template\skeleton\win\x64\release\missingsuiteerror.sbr
d:\commissions stuff\personal project\experiemnt\plugintes-rimlight\examples\template\skeleton\win\x64\release\rimlight.sbr
d:\commissions stuff\personal project\experiemnt\plugintes-rimlight\examples\template\skeleton\win\x64\release\rimlight_strings.sbr
d:\commissions stuff\personal project\experiemnt\plugintes-rimlight\examples\template\skeleton\win\x64\release\rimlight_strings.obj
d:\commissions stuff\personal project\experiemnt\plugintes-rimlight\examples\template\skeleton\win\x64\release\rimlight.obj
d:\commissions stuff\personal project\experiemnt\plugintes-rimlight\examples\template\skeleton\win\x64\release\missingsuiteerror.obj
d:\commissions stuff\personal project\experiemnt\plugintes-rimlight\examples\template\skeleton\win\x64\release\aegp_suitehandler.obj
d:\commissions stuff\personal project\experiemnt\plugintes-rimlight\examples\template\skeleton\win\rimlightpipl.rc
d:\rimlight.aex
d:\commissions stuff\personal project\experiemnt\plugintes-rimlight\examples\template\skeleton\win\x64\release\rimlightpipl.res
d:\commissions stuff\personal project\experiemnt\plugintes-rimlight\examples\template\skeleton\win\x64\release\rimlight.lib
d:\commissions stuff\personal project\experiemnt\plugintes-rimlight\examples\template\skeleton\win\x64\release\rimlight.exp
d:\commissions stuff\personal project\experiemnt\plugintes-rimlight\examples\template\skeleton\win\x64\release\rimlight.tlog\bscmake.command.1.tlog
d:\commissions stuff\personal project\experiemnt\plugintes-rimlight\examples\template\skeleton\win\x64\release\rimlight.tlog\bscmake.read.1.tlog
d:\commissions stuff\personal project\experiemnt\plugintes-rimlight\examples\template\skeleton\win\x64\release\rimlight.tlog\bscmake.write.1.tlog
d:\commissions stuff\personal project\experiemnt\plugintes-rimlight\examples\template\skeleton\win\x64\release\rimlight.tlog\cl.command.1.tlog
d:\commissions stuff\personal project\experiemnt\plugintes-rimlight\examples\template\skeleton\win\x64\release\rimlight.tlog\cl.items.tlog
d:\commissions stuff\personal project\experiemnt\plugintes-rimlight\examples\template\skeleton\win\x64\release\rimlight.tlog\cl.read.1.tlog
d:\commissions stuff\personal project\experiemnt\plugintes-rimlight\examples\template\skeleton\win\x64\release\rimlight.tlog\cl.write.1.tlog
d:\commissions stuff\personal project\experiemnt\plugintes-rimlight\examples\template\skeleton\win\x64\release\rimlight.tlog\custombuild.command.1.tlog
d:\commissions stuff\personal project\experiemnt\plugintes-rimlight\examples\template\skeleton\win\x64\release\rimlight.tlog\custombuild.read.1.tlog
d:\commissions stuff\personal project\experiemnt\plugintes-rimlight\examples\template\skeleton\win\x64\release\rimlight.tlog\custombuild.write.1.tlog
d:\commissions stuff\personal project\experiemnt\plugintes-rimlight\examples\template\skeleton\win\x64\release\rimlight.tlog\link.command.1.tlog
d:\commissions stuff\personal project\experiemnt\plugintes-rimlight\examples\template\skeleton\win\x64\release\rimlight.tlog\link.read.1.tlog
d:\commissions stuff\personal project\experiemnt\plugintes-rimlight\examples\template\skeleton\win\x64\release\rimlight.tlog\link.secondary.1.tlog
d:\commissions stuff\personal project\experiemnt\plugintes-rimlight\examples\template\skeleton\win\x64\release\rimlight.tlog\link.write.1.tlog
d:\commissions stuff\personal project\experiemnt\plugintes-rimlight\examples\template\skeleton\win\x64\release\rimlight.tlog\rc.command.1.tlog
d:\commissions stuff\personal project\experiemnt\plugintes-rimlight\examples\template\skeleton\win\x64\release\rimlight.tlog\rc.read.1.tlog
d:\commissions stuff\personal project\experiemnt\plugintes-rimlight\examples\template\skeleton\win\x64\release\rimlight.tlog\rc.write.1.tlog
