d:\commissions stuff\personal project\experiemnt\plugintes-rimlight\examples\template\skeleton\win\x64\debug\rimlight.bsc
d:\commissions stuff\personal project\experiemnt\plugintes-rimlight\examples\template\skeleton\win\x64\debug\vc145.pdb
d:\commissions stuff\personal project\experiemnt\plugintes-rimlight\examples\template\skeleton\win\x64\debug\aegp_suitehandler.sbr
d:\commissions stuff\personal project\experiemnt\plugintes-rimlight\examples\template\skeleton\win\x64\debug\missingsuiteerror.sbr
d:\commissions stuff\personal project\experiemnt\plugintes-rimlight\examples\template\skeleton\win\x64\debug\rimlight.sbr
d:\commissions stuff\personal project\experiemnt\plugintes-rimlight\examples\template\skeleton\win\x64\debug\rimlight_strings.sbr
d:\commissions stuff\personal project\experiemnt\plugintes-rimlight\examples\template\skeleton\win\x64\debug\rimlight_strings.obj
d:\commissions stuff\personal project\experiemnt\plugintes-rimlight\examples\template\skeleton\win\x64\debug\rimlight.obj
d:\commissions stuff\personal project\experiemnt\plugintes-rimlight\examples\template\skeleton\win\x64\debug\missingsuiteerror.obj
d:\commissions stuff\personal project\experiemnt\plugintes-rimlight\examples\template\skeleton\win\x64\debug\aegp_suitehandler.obj
d:\commissions stuff\personal project\experiemnt\plugintes-rimlight\examples\template\skeleton\win\rimlightpipl.rc
d:\commissions stuff\personal project\experiemnt\plugintes-rimlight\build\rimlight.aex
d:\commissions stuff\personal project\experiemnt\plugintes-rimlight\examples\template\skeleton\win\x64\debug\rimlight.pdb
d:\commissions stuff\personal project\experiemnt\plugintes-rimlight\examples\template\skeleton\win\x64\debug\rimlightpipl.res
d:\commissions stuff\personal project\experiemnt\plugintes-rimlight\examples\template\skeleton\win\x64\debug\rimlight.lib
d:\commissions stuff\personal project\experiemnt\plugintes-rimlight\examples\template\skeleton\win\x64\debug\rimlight.exp
d:\commissions stuff\personal project\experiemnt\plugintes-rimlight\build\rimlight.ilk
d:\commissions stuff\personal project\experiemnt\plugintes-rimlight\examples\template\skeleton\win\x64\debug\rimlight.tlog\bscmake.command.1.tlog
d:\commissions stuff\personal project\experiemnt\plugintes-rimlight\examples\template\skeleton\win\x64\debug\rimlight.tlog\bscmake.read.1.tlog
d:\commissions stuff\personal project\experiemnt\plugintes-rimlight\examples\template\skeleton\win\x64\debug\rimlight.tlog\bscmake.write.1.tlog
d:\commissions stuff\personal project\experiemnt\plugintes-rimlight\examples\template\skeleton\win\x64\debug\rimlight.tlog\cl.command.1.tlog
d:\commissions stuff\personal project\experiemnt\plugintes-rimlight\examples\template\skeleton\win\x64\debug\rimlight.tlog\cl.items.tlog
d:\commissions stuff\personal project\experiemnt\plugintes-rimlight\examples\template\skeleton\win\x64\debug\rimlight.tlog\cl.read.1.tlog
d:\commissions stuff\personal project\experiemnt\plugintes-rimlight\examples\template\skeleton\win\x64\debug\rimlight.tlog\cl.write.1.tlog
d:\commissions stuff\personal project\experiemnt\plugintes-rimlight\examples\template\skeleton\win\x64\debug\rimlight.tlog\custombuild.command.1.tlog
d:\commissions stuff\personal project\experiemnt\plugintes-rimlight\examples\template\skeleton\win\x64\debug\rimlight.tlog\custombuild.read.1.tlog
d:\commissions stuff\personal project\experiemnt\plugintes-rimlight\examples\template\skeleton\win\x64\debug\rimlight.tlog\custombuild.write.1.tlog
d:\commissions stuff\personal project\experiemnt\plugintes-rimlight\examples\template\skeleton\win\x64\debug\rimlight.tlog\link.command.1.tlog
d:\commissions stuff\personal project\experiemnt\plugintes-rimlight\examples\template\skeleton\win\x64\debug\rimlight.tlog\link.read.1.tlog
d:\commissions stuff\personal project\experiemnt\plugintes-rimlight\examples\template\skeleton\win\x64\debug\rimlight.tlog\link.secondary.1.tlog
d:\commissions stuff\personal project\experiemnt\plugintes-rimlight\examples\template\skeleton\win\x64\debug\rimlight.tlog\link.write.1.tlog
d:\commissions stuff\personal project\experiemnt\plugintes-rimlight\examples\template\skeleton\win\x64\debug\rimlight.tlog\rc.command.1.tlog
d:\commissions stuff\personal project\experiemnt\plugintes-rimlight\examples\template\skeleton\win\x64\debug\rimlight.tlog\rc.read.1.tlog
d:\commissions stuff\personal project\experiemnt\plugintes-rimlight\examples\template\skeleton\win\x64\debug\rimlight.tlog\rc.write.1.tlog
